Firstnode:[10, 21, 16]
[10, 16] -------------> 4
[16, 4] -------------> 17
[21, 16] -------------> 1
[21, 1] -------------> 2
[21, 16] -------------> 5
[16, 4] -------------> 3
[16, 1] -------------> 12
[1, 12] -------------> 14
[2, 14] -------------> 20
[21, 14] -------------> 13
[4, 13] -------------> 6
[4, 12] -------------> 22
[12, 14] -------------> 15
[4, 12] -------------> 7
[4, 13] -------------> 18
[12, 18] -------------> 19
[2, 22] -------------> 9
[10, 20] -------------> 8
[3, 22] -------------> 11
[17, 3] -------------> 0
